The system is: Windows - 10.0.17763 - AMD64
Compiling the C compiler identification source file "CMakeCCompilerId.c" succeeded.
Compiler: C:/Program Files/Microsoft Visual Studio/2022/Professional/VC/Tools/MSVC/14.30.30705/bin/Hostx64/x64/cl.exe 
Build flags: 
Id flags:  

The output was:
0
用于 x64 的 Microsoft (R) C/C++ 优化编译器 19.30.30706 版
版权所有(C) Microsoft Corporation。保留所有权利。

CMakeCCompilerId.c
Microsoft (R) Incremental Linker Version 14.30.30706.0
Copyright (C) Microsoft Corporation.  All rights reserved.

/out:CMakeCCompilerId.exe 
CMakeCCompilerId.obj 


Compilation of the C compiler identification source "CMakeCCompilerId.c" produced "CMakeCCompilerId.exe"

Compilation of the C compiler identification source "CMakeCCompilerId.c" produced "CMakeCCompilerId.obj"

The C compiler identification is MSVC, found in "E:/Project/CG/c-render/out/build/x64-Debug/CMakeFiles/3.21.21080301-MSVC_2/CompilerIdC/CMakeCCompilerId.exe"

Compiling the CXX compiler identification source file "CMakeCXXCompilerId.cpp" succeeded.
Compiler: C:/Program Files/Microsoft Visual Studio/2022/Professional/VC/Tools/MSVC/14.30.30705/bin/Hostx64/x64/cl.exe 
Build flags: 
Id flags:  

The output was:
0
用于 x64 的 Microsoft (R) C/C++ 优化编译器 19.30.30706 版
版权所有(C) Microsoft Corporation。保留所有权利。

CMakeCXXCompilerId.cpp
Microsoft (R) Incremental Linker Version 14.30.30706.0
Copyright (C) Microsoft Corporation.  All rights reserved.

/out:CMakeCXXCompilerId.exe 
CMakeCXXCompilerId.obj 


Compilation of the CXX compiler identification source "CMakeCXXCompilerId.cpp" produced "CMakeCXXCompilerId.exe"

Compilation of the CXX compiler identification source "CMakeCXXCompilerId.cpp" produced "CMakeCXXCompilerId.obj"

The CXX compiler identification is MSVC, found in "E:/Project/CG/c-render/out/build/x64-Debug/CMakeFiles/3.21.21080301-MSVC_2/CompilerIdCXX/CMakeCXXCompilerId.exe"

Detecting C compiler ABI info compiled with the following output:
Change Dir: E:/Project/CG/c-render/out/build/x64-Debug/CMakeFiles/CMakeTmp

Run Build Command(s):C:/Program Files/Microsoft Visual Studio/2022/Professional/Common7/IDE/CommonExtensions/Microsoft/CMake/Ninja/ninja.exe cmTC_6d487 && [1/2] Building C object CMakeFiles\cmTC_6d487.dir\CMakeCCompilerABI.c.obj
[2/2] Linking C executable cmTC_6d487.exe



Detecting CXX compiler ABI info compiled with the following output:
Change Dir: E:/Project/CG/c-render/out/build/x64-Debug/CMakeFiles/CMakeTmp

Run Build Command(s):C:/Program Files/Microsoft Visual Studio/2022/Professional/Common7/IDE/CommonExtensions/Microsoft/CMake/Ninja/ninja.exe cmTC_c8ce4 && [1/2] Building CXX object CMakeFiles\cmTC_c8ce4.dir\CMakeCXXCompilerABI.cpp.obj
[2/2] Linking CXX executable cmTC_c8ce4.exe



Performing C++ SOURCE FILE Test flag_supported succeeded with the following output:
Change Dir: E:/Project/CG/c-render/out/build/x64-Debug/CMakeFiles/CMakeTmp

Run Build Command(s):C:/Program Files/Microsoft Visual Studio/2022/Professional/Common7/IDE/CommonExtensions/Microsoft/CMake/Ninja/ninja.exe cmTC_5660d && [1/2] Building CXX object CMakeFiles\cmTC_5660d.dir\src.cxx.obj
[2/2] Linking CXX executable cmTC_5660d.exe


Source file was:
int main() { return 0; }
Performing C++ SOURCE FILE Test flag_supported succeeded with the following output:
Change Dir: E:/Project/CG/c-render/out/build/x64-Debug/CMakeFiles/CMakeTmp

Run Build Command(s):C:/Program Files/Microsoft Visual Studio/2022/Professional/Common7/IDE/CommonExtensions/Microsoft/CMake/Ninja/ninja.exe cmTC_c209a && [1/2] Building CXX object CMakeFiles\cmTC_c209a.dir\src.cxx.obj
[2/2] Linking CXX executable cmTC_c209a.exe


Source file was:
int main() { return 0; }
Performing C++ SOURCE FILE Test flag_supported succeeded with the following output:
Change Dir: E:/Project/CG/c-render/out/build/x64-Debug/CMakeFiles/CMakeTmp

Run Build Command(s):C:/Program Files/Microsoft Visual Studio/2022/Professional/Common7/IDE/CommonExtensions/Microsoft/CMake/Ninja/ninja.exe cmTC_7be28 && [1/2] Building CXX object CMakeFiles\cmTC_7be28.dir\src.cxx.obj
[2/2] Linking CXX executable cmTC_7be28.exe


Source file was:
int main() { return 0; }
Performing C++ SOURCE FILE Test flag_supported succeeded with the following output:
Change Dir: E:/Project/CG/c-render/out/build/x64-Debug/CMakeFiles/CMakeTmp

Run Build Command(s):C:/Program Files/Microsoft Visual Studio/2022/Professional/Common7/IDE/CommonExtensions/Microsoft/CMake/Ninja/ninja.exe cmTC_d4129 && [1/2] Building CXX object CMakeFiles\cmTC_d4129.dir\src.cxx.obj
[2/2] Linking CXX executable cmTC_d4129.exe


Source file was:
int main() { return 0; }
